<?xml version="1.0" encoding="UTF-8"?>
<testsuite xmlns:xsi="http://www.w3.org/2001/XMLSchema-instance" xsi:noNamespaceSchemaLocation="https://maven.apache.org/surefire/maven-surefire-plugin/xsd/surefire-test-report.xsd" name="com.example.Demo2ApplicationTests" time="12.326" tests="1" errors="0" skipped="0" failures="0">
  <properties>
    <property name="sun.desktop" value="windows"/>
    <property name="awt.toolkit" value="sun.awt.windows.WToolkit"/>
    <property name="file.encoding.pkg" value="sun.io"/>
    <property name="java.specification.version" value="1.8"/>
    <property name="sun.cpu.isalist" value="amd64"/>
    <property name="sun.jnu.encoding" value="GBK"/>
    <property name="java.class.path" value="F:\workspace\Code\demo1\target\test-classes;F:\workspace\Code\demo1\target\classes;F:\mavean\.m2\repository_boot\junit\junit\4.13\junit-4.13.jar;F:\mavean\.m2\repository_boot\org\hamcrest\hamcrest-core\2.2\hamcrest-core-2.2.jar;F:\mavean\.m2\repository_boot\org\projectlombok\lombok\1.18.24\lombok-1.18.24.jar;F:\mavean\.m2\repository_boot\org\springframework\boot\spring-boot-starter-data-jpa\2.7.8\spring-boot-starter-data-jpa-2.7.8.jar;F:\mavean\.m2\repository_boot\org\springframework\boot\spring-boot-starter-aop\2.7.8\spring-boot-starter-aop-2.7.8.jar;F:\mavean\.m2\repository_boot\org\aspectj\aspectjweaver\1.9.7\aspectjweaver-1.9.7.jar;F:\mavean\.m2\repository_boot\org\springframework\boot\spring-boot-starter-jdbc\2.7.8\spring-boot-starter-jdbc-2.7.8.jar;F:\mavean\.m2\repository_boot\com\zaxxer\HikariCP\4.0.3\HikariCP-4.0.3.jar;F:\mavean\.m2\repository_boot\org\springframework\spring-jdbc\5.3.25\spring-jdbc-5.3.25.jar;F:\mavean\.m2\repository_boot\jakarta\transaction\jakarta.transaction-api\1.3.3\jakarta.transaction-api-1.3.3.jar;F:\mavean\.m2\repository_boot\jakarta\persistence\jakarta.persistence-api\2.2.3\jakarta.persistence-api-2.2.3.jar;F:\mavean\.m2\repository_boot\org\hibernate\hibernate-core\5.6.14.Final\hibernate-core-5.6.14.Final.jar;F:\mavean\.m2\repository_boot\org\jboss\logging\jboss-logging\3.4.3.Final\jboss-logging-3.4.3.Final.jar;F:\mavean\.m2\repository_boot\net\bytebuddy\byte-buddy\1.12.22\byte-buddy-1.12.22.jar;F:\mavean\.m2\repository_boot\antlr\antlr\2.7.7\antlr-2.7.7.jar;F:\mavean\.m2\repository_boot\org\jboss\jandex\2.4.2.Final\jandex-2.4.2.Final.jar;F:\mavean\.m2\repository_boot\com\fasterxml\classmate\1.5.1\classmate-1.5.1.jar;F:\mavean\.m2\repository_boot\org\hibernate\common\hibernate-commons-annotations\5.1.2.Final\hibernate-commons-annotations-5.1.2.Final.jar;F:\mavean\.m2\repository_boot\org\glassfish\jaxb\jaxb-runtime\2.3.7\jaxb-runtime-2.3.7.jar;F:\mavean\.m2\repository_boot\org\glassfish\jaxb\txw2\2.3.7\txw2-2.3.7.jar;F:\mavean\.m2\repository_boot\com\sun\istack\istack-commons-runtime\3.0.12\istack-commons-runtime-3.0.12.jar;F:\mavean\.m2\repository_boot\com\sun\activation\jakarta.activation\1.2.2\jakarta.activation-1.2.2.jar;F:\mavean\.m2\repository_boot\org\springframework\data\spring-data-jpa\2.7.7\spring-data-jpa-2.7.7.jar;F:\mavean\.m2\repository_boot\org\springframework\data\spring-data-commons\2.7.7\spring-data-commons-2.7.7.jar;F:\mavean\.m2\repository_boot\org\springframework\spring-orm\5.3.25\spring-orm-5.3.25.jar;F:\mavean\.m2\repository_boot\org\springframework\spring-context\5.3.25\spring-context-5.3.25.jar;F:\mavean\.m2\repository_boot\org\springframework\spring-beans\5.3.25\spring-beans-5.3.25.jar;F:\mavean\.m2\repository_boot\org\springframework\spring-aspects\5.3.25\spring-aspects-5.3.25.jar;F:\mavean\.m2\repository_boot\org\postgresql\postgresql\42.3.8\postgresql-42.3.8.jar;F:\mavean\.m2\repository_boot\org\checkerframework\checker-qual\3.5.0\checker-qual-3.5.0.jar;F:\mavean\.m2\repository_boot\org\springframework\boot\spring-boot-starter-web\2.7.8\spring-boot-starter-web-2.7.8.jar;F:\mavean\.m2\repository_boot\org\springframework\boot\spring-boot-starter\2.7.8\spring-boot-starter-2.7.8.jar;F:\mavean\.m2\repository_boot\org\springframework\boot\spring-boot\2.7.8\spring-boot-2.7.8.jar;F:\mavean\.m2\repository_boot\org\springframework\boot\spring-boot-autoconfigure\2.7.8\spring-boot-autoconfigure-2.7.8.jar;F:\mavean\.m2\repository_boot\org\springframework\boot\spring-boot-starter-logging\2.7.8\spring-boot-starter-logging-2.7.8.jar;F:\mavean\.m2\repository_boot\ch\qos\logback\logback-classic\1.2.11\logback-classic-1.2.11.jar;F:\mavean\.m2\repository_boot\ch\qos\logback\logback-core\1.2.11\logback-core-1.2.11.jar;F:\mavean\.m2\repository_boot\org\apache\logging\log4j\log4j-to-slf4j\2.17.2\log4j-to-slf4j-2.17.2.jar;F:\mavean\.m2\repository_boot\org\apache\logging\log4j\log4j-api\2.17.2\log4j-api-2.17.2.jar;F:\mavean\.m2\repository_boot\org\slf4j\jul-to-slf4j\1.7.36\jul-to-slf4j-1.7.36.jar;F:\mavean\.m2\repository_boot\jakarta\annotation\jakarta.annotation-api\1.3.5\jakarta.annotation-api-1.3.5.jar;F:\mavean\.m2\repository_boot\org\yaml\snakeyaml\1.30\snakeyaml-1.30.jar;F:\mavean\.m2\repository_boot\org\springframework\boot\spring-boot-starter-json\2.7.8\spring-boot-starter-json-2.7.8.jar;F:\mavean\.m2\repository_boot\com\fasterxml\jackson\core\jackson-databind\2.13.4.2\jackson-databind-2.13.4.2.jar;F:\mavean\.m2\repository_boot\com\fasterxml\jackson\core\jackson-annotations\2.13.4\jackson-annotations-2.13.4.jar;F:\mavean\.m2\repository_boot\com\fasterxml\jackson\core\jackson-core\2.13.4\jackson-core-2.13.4.jar;F:\mavean\.m2\repository_boot\com\fasterxml\jackson\datatype\jackson-datatype-jdk8\2.13.4\jackson-datatype-jdk8-2.13.4.jar;F:\mavean\.m2\repository_boot\com\fasterxml\jackson\datatype\jackson-datatype-jsr310\2.13.4\jackson-datatype-jsr310-2.13.4.jar;F:\mavean\.m2\repository_boot\com\fasterxml\jackson\module\jackson-module-parameter-names\2.13.4\jackson-module-parameter-names-2.13.4.jar;F:\mavean\.m2\repository_boot\org\springframework\boot\spring-boot-starter-tomcat\2.7.8\spring-boot-starter-tomcat-2.7.8.jar;F:\mavean\.m2\repository_boot\org\apache\tomcat\embed\tomcat-embed-core\9.0.71\tomcat-embed-core-9.0.71.jar;F:\mavean\.m2\repository_boot\org\apache\tomcat\embed\tomcat-embed-el\9.0.71\tomcat-embed-el-9.0.71.jar;F:\mavean\.m2\repository_boot\org\apache\tomcat\embed\tomcat-embed-websocket\9.0.71\tomcat-embed-websocket-9.0.71.jar;F:\mavean\.m2\repository_boot\org\springframework\spring-web\5.3.25\spring-web-5.3.25.jar;F:\mavean\.m2\repository_boot\org\springframework\spring-webmvc\5.3.25\spring-webmvc-5.3.25.jar;F:\mavean\.m2\repository_boot\org\springframework\spring-expression\5.3.25\spring-expression-5.3.25.jar;F:\mavean\.m2\repository_boot\org\springframework\boot\spring-boot-starter-test\2.7.8\spring-boot-starter-test-2.7.8.jar;F:\mavean\.m2\repository_boot\org\springframework\boot\spring-boot-test\2.7.8\spring-boot-test-2.7.8.jar;F:\mavean\.m2\repository_boot\org\springframework\boot\spring-boot-test-autoconfigure\2.7.8\spring-boot-test-autoconfigure-2.7.8.jar;F:\mavean\.m2\repository_boot\com\jayway\jsonpath\json-path\2.7.0\json-path-2.7.0.jar;F:\mavean\.m2\repository_boot\net\minidev\json-smart\2.4.8\json-smart-2.4.8.jar;F:\mavean\.m2\repository_boot\net\minidev\accessors-smart\2.4.8\accessors-smart-2.4.8.jar;F:\mavean\.m2\repository_boot\org\ow2\asm\asm\9.1\asm-9.1.jar;F:\mavean\.m2\repository_boot\jakarta\xml\bind\jakarta.xml.bind-api\2.3.3\jakarta.xml.bind-api-2.3.3.jar;F:\mavean\.m2\repository_boot\jakarta\activation\jakarta.activation-api\1.2.2\jakarta.activation-api-1.2.2.jar;F:\mavean\.m2\repository_boot\org\assertj\assertj-core\3.22.0\assertj-core-3.22.0.jar;F:\mavean\.m2\repository_boot\org\hamcrest\hamcrest\2.2\hamcrest-2.2.jar;F:\mavean\.m2\repository_boot\org\junit\jupiter\junit-jupiter\5.8.2\junit-jupiter-5.8.2.jar;F:\mavean\.m2\repository_boot\org\junit\jupiter\junit-jupiter-api\5.8.2\junit-jupiter-api-5.8.2.jar;F:\mavean\.m2\repository_boot\org\opentest4j\opentest4j\1.2.0\opentest4j-1.2.0.jar;F:\mavean\.m2\repository_boot\org\junit\platform\junit-platform-commons\1.8.2\junit-platform-commons-1.8.2.jar;F:\mavean\.m2\repository_boot\org\apiguardian\apiguardian-api\1.1.2\apiguardian-api-1.1.2.jar;F:\mavean\.m2\repository_boot\org\junit\jupiter\junit-jupiter-params\5.8.2\junit-jupiter-params-5.8.2.jar;F:\mavean\.m2\repository_boot\org\junit\jupiter\junit-jupiter-engine\5.8.2\junit-jupiter-engine-5.8.2.jar;F:\mavean\.m2\repository_boot\org\junit\platform\junit-platform-engine\1.8.2\junit-platform-engine-1.8.2.jar;F:\mavean\.m2\repository_boot\org\mockito\mockito-core\4.5.1\mockito-core-4.5.1.jar;F:\mavean\.m2\repository_boot\net\bytebuddy\byte-buddy-agent\1.12.22\byte-buddy-agent-1.12.22.jar;F:\mavean\.m2\repository_boot\org\objenesis\objenesis\3.2\objenesis-3.2.jar;F:\mavean\.m2\repository_boot\org\mockito\mockito-junit-jupiter\4.5.1\mockito-junit-jupiter-4.5.1.jar;F:\mavean\.m2\repository_boot\org\skyscreamer\jsonassert\1.5.1\jsonassert-1.5.1.jar;F:\mavean\.m2\repository_boot\com\vaadin\external\google\android-json\0.0.20131108.vaadin1\android-json-0.0.20131108.vaadin1.jar;F:\mavean\.m2\repository_boot\org\springframework\spring-core\5.3.25\spring-core-5.3.25.jar;F:\mavean\.m2\repository_boot\org\springframework\spring-jcl\5.3.25\spring-jcl-5.3.25.jar;F:\mavean\.m2\repository_boot\org\springframework\spring-test\5.3.25\spring-test-5.3.25.jar;F:\mavean\.m2\repository_boot\org\xmlunit\xmlunit-core\2.9.1\xmlunit-core-2.9.1.jar;F:\mavean\.m2\repository_boot\net\sf\json-lib\json-lib\2.4\json-lib-2.4-jdk15.jar;F:\mavean\.m2\repository_boot\commons-logging\commons-logging\1.1.1\commons-logging-1.1.1.jar;F:\mavean\.m2\repository_boot\commons-lang\commons-lang\2.6\commons-lang-2.6.jar;F:\mavean\.m2\repository_boot\commons-collections\commons-collections\3.2.1\commons-collections-3.2.1.jar;F:\mavean\.m2\repository_boot\net\sf\ezmorph\ezmorph\1.0.6\ezmorph-1.0.6.jar;F:\mavean\.m2\repository_boot\commons-beanutils\commons-beanutils\1.8.3\commons-beanutils-1.8.3.jar;F:\mavean\.m2\repository_boot\commons-httpclient\commons-httpclient\3.0\commons-httpclient-3.0.jar;F:\mavean\.m2\repository_boot\commons-codec\commons-codec\1.15\commons-codec-1.15.jar;F:\mavean\.m2\repository_boot\com\alibaba\fastjson\1.2.70\fastjson-1.2.70.jar;F:\mavean\.m2\repository_boot\org\apache\httpcomponents\httpclient\4.5.10\httpclient-4.5.10.jar;F:\mavean\.m2\repository_boot\org\apache\httpcomponents\httpcore\4.4.16\httpcore-4.4.16.jar;F:\mavean\.m2\repository_boot\org\springframework\data\spring-data-redis\2.7.7\spring-data-redis-2.7.7.jar;F:\mavean\.m2\repository_boot\org\springframework\data\spring-data-keyvalue\2.7.7\spring-data-keyvalue-2.7.7.jar;F:\mavean\.m2\repository_boot\org\springframework\spring-tx\5.3.25\spring-tx-5.3.25.jar;F:\mavean\.m2\repository_boot\org\springframework\spring-oxm\5.3.25\spring-oxm-5.3.25.jar;F:\mavean\.m2\repository_boot\org\springframework\spring-aop\5.3.25\spring-aop-5.3.25.jar;F:\mavean\.m2\repository_boot\org\springframework\spring-context-support\5.3.25\spring-context-support-5.3.25.jar;F:\mavean\.m2\repository_boot\org\slf4j\slf4j-api\1.7.36\slf4j-api-1.7.36.jar;F:\mavean\.m2\repository_boot\org\springframework\boot\spring-boot-starter-data-redis\2.7.8\spring-boot-starter-data-redis-2.7.8.jar;F:\mavean\.m2\repository_boot\io\lettuce\lettuce-core\6.1.10.RELEASE\lettuce-core-6.1.10.RELEASE.jar;F:\mavean\.m2\repository_boot\io\netty\netty-common\4.1.87.Final\netty-common-4.1.87.Final.jar;F:\mavean\.m2\repository_boot\io\netty\netty-handler\4.1.87.Final\netty-handler-4.1.87.Final.jar;F:\mavean\.m2\repository_boot\io\netty\netty-resolver\4.1.87.Final\netty-resolver-4.1.87.Final.jar;F:\mavean\.m2\repository_boot\io\netty\netty-buffer\4.1.87.Final\netty-buffer-4.1.87.Final.jar;F:\mavean\.m2\repository_boot\io\netty\netty-transport-native-unix-common\4.1.87.Final\netty-transport-native-unix-common-4.1.87.Final.jar;F:\mavean\.m2\repository_boot\io\netty\netty-codec\4.1.87.Final\netty-codec-4.1.87.Final.jar;F:\mavean\.m2\repository_boot\io\netty\netty-transport\4.1.87.Final\netty-transport-4.1.87.Final.jar;F:\mavean\.m2\repository_boot\io\projectreactor\reactor-core\3.4.26\reactor-core-3.4.26.jar;F:\mavean\.m2\repository_boot\org\reactivestreams\reactive-streams\1.0.4\reactive-streams-1.0.4.jar;F:\mavean\.m2\repository_boot\org\dom4j\dom4j\2.1.1\dom4j-2.1.1.jar;F:\mavean\.m2\repository_boot\jaxen\jaxen\1.1.1\jaxen-1.1.1.jar;F:\mavean\.m2\repository_boot\dom4j\dom4j\1.6.1\dom4j-1.6.1.jar;F:\mavean\.m2\repository_boot\jdom\jdom\1.0\jdom-1.0.jar;F:\mavean\.m2\repository_boot\xml-apis\xml-apis\1.3.02\xml-apis-1.3.02.jar;F:\mavean\.m2\repository_boot\xerces\xercesImpl\2.6.2\xercesImpl-2.6.2.jar;F:\mavean\.m2\repository_boot\xom\xom\1.0\xom-1.0.jar;F:\mavean\.m2\repository_boot\xerces\xmlParserAPIs\2.6.2\xmlParserAPIs-2.6.2.jar;F:\mavean\.m2\repository_boot\xalan\xalan\2.6.0\xalan-2.6.0.jar;F:\mavean\.m2\repository_boot\com\ibm\icu\icu4j\2.6.1\icu4j-2.6.1.jar;"/>
    <property name="java.vm.vendor" value="Amazon.com Inc."/>
    <property name="sun.arch.data.model" value="64"/>
    <property name="user.variant" value=""/>
    <property name="java.vendor.url" value="https://aws.amazon.com/corretto/"/>
    <property name="user.timezone" value="Asia/Shanghai"/>
    <property name="java.vm.specification.version" value="1.8"/>
    <property name="os.name" value="Windows 10"/>
    <property name="user.country" value="CN"/>
    <property name="sun.java.launcher" value="SUN_STANDARD"/>
    <property name="sun.boot.library.path" value="C:\Users\hp\.jdks\corretto-1.8.0_352\jre\bin"/>
    <property name="sun.java.command" value="C:\Users\hp\AppData\Local\Temp\surefire798488917443889027\surefirebooter3012084867070500909.jar C:\Users\hp\AppData\Local\Temp\surefire798488917443889027 2024-04-23T17-05-26_941-jvmRun1 surefire8009238128071040292tmp surefire_05325683168885672285tmp"/>
    <property name="surefire.test.class.path" value="F:\workspace\Code\demo1\target\test-classes;F:\workspace\Code\demo1\target\classes;F:\mavean\.m2\repository_boot\junit\junit\4.13\junit-4.13.jar;F:\mavean\.m2\repository_boot\org\hamcrest\hamcrest-core\2.2\hamcrest-core-2.2.jar;F:\mavean\.m2\repository_boot\org\projectlombok\lombok\1.18.24\lombok-1.18.24.jar;F:\mavean\.m2\repository_boot\org\springframework\boot\spring-boot-starter-data-jpa\2.7.8\spring-boot-starter-data-jpa-2.7.8.jar;F:\mavean\.m2\repository_boot\org\springframework\boot\spring-boot-starter-aop\2.7.8\spring-boot-starter-aop-2.7.8.jar;F:\mavean\.m2\repository_boot\org\aspectj\aspectjweaver\1.9.7\aspectjweaver-1.9.7.jar;F:\mavean\.m2\repository_boot\org\springframework\boot\spring-boot-starter-jdbc\2.7.8\spring-boot-starter-jdbc-2.7.8.jar;F:\mavean\.m2\repository_boot\com\zaxxer\HikariCP\4.0.3\HikariCP-4.0.3.jar;F:\mavean\.m2\repository_boot\org\springframework\spring-jdbc\5.3.25\spring-jdbc-5.3.25.jar;F:\mavean\.m2\repository_boot\jakarta\transaction\jakarta.transaction-api\1.3.3\jakarta.transaction-api-1.3.3.jar;F:\mavean\.m2\repository_boot\jakarta\persistence\jakarta.persistence-api\2.2.3\jakarta.persistence-api-2.2.3.jar;F:\mavean\.m2\repository_boot\org\hibernate\hibernate-core\5.6.14.Final\hibernate-core-5.6.14.Final.jar;F:\mavean\.m2\repository_boot\org\jboss\logging\jboss-logging\3.4.3.Final\jboss-logging-3.4.3.Final.jar;F:\mavean\.m2\repository_boot\net\bytebuddy\byte-buddy\1.12.22\byte-buddy-1.12.22.jar;F:\mavean\.m2\repository_boot\antlr\antlr\2.7.7\antlr-2.7.7.jar;F:\mavean\.m2\repository_boot\org\jboss\jandex\2.4.2.Final\jandex-2.4.2.Final.jar;F:\mavean\.m2\repository_boot\com\fasterxml\classmate\1.5.1\classmate-1.5.1.jar;F:\mavean\.m2\repository_boot\org\hibernate\common\hibernate-commons-annotations\5.1.2.Final\hibernate-commons-annotations-5.1.2.Final.jar;F:\mavean\.m2\repository_boot\org\glassfish\jaxb\jaxb-runtime\2.3.7\jaxb-runtime-2.3.7.jar;F:\mavean\.m2\repository_boot\org\glassfish\jaxb\txw2\2.3.7\txw2-2.3.7.jar;F:\mavean\.m2\repository_boot\com\sun\istack\istack-commons-runtime\3.0.12\istack-commons-runtime-3.0.12.jar;F:\mavean\.m2\repository_boot\com\sun\activation\jakarta.activation\1.2.2\jakarta.activation-1.2.2.jar;F:\mavean\.m2\repository_boot\org\springframework\data\spring-data-jpa\2.7.7\spring-data-jpa-2.7.7.jar;F:\mavean\.m2\repository_boot\org\springframework\data\spring-data-commons\2.7.7\spring-data-commons-2.7.7.jar;F:\mavean\.m2\repository_boot\org\springframework\spring-orm\5.3.25\spring-orm-5.3.25.jar;F:\mavean\.m2\repository_boot\org\springframework\spring-context\5.3.25\spring-context-5.3.25.jar;F:\mavean\.m2\repository_boot\org\springframework\spring-beans\5.3.25\spring-beans-5.3.25.jar;F:\mavean\.m2\repository_boot\org\springframework\spring-aspects\5.3.25\spring-aspects-5.3.25.jar;F:\mavean\.m2\repository_boot\org\postgresql\postgresql\42.3.8\postgresql-42.3.8.jar;F:\mavean\.m2\repository_boot\org\checkerframework\checker-qual\3.5.0\checker-qual-3.5.0.jar;F:\mavean\.m2\repository_boot\org\springframework\boot\spring-boot-starter-web\2.7.8\spring-boot-starter-web-2.7.8.jar;F:\mavean\.m2\repository_boot\org\springframework\boot\spring-boot-starter\2.7.8\spring-boot-starter-2.7.8.jar;F:\mavean\.m2\repository_boot\org\springframework\boot\spring-boot\2.7.8\spring-boot-2.7.8.jar;F:\mavean\.m2\repository_boot\org\springframework\boot\spring-boot-autoconfigure\2.7.8\spring-boot-autoconfigure-2.7.8.jar;F:\mavean\.m2\repository_boot\org\springframework\boot\spring-boot-starter-logging\2.7.8\spring-boot-starter-logging-2.7.8.jar;F:\mavean\.m2\repository_boot\ch\qos\logback\logback-classic\1.2.11\logback-classic-1.2.11.jar;F:\mavean\.m2\repository_boot\ch\qos\logback\logback-core\1.2.11\logback-core-1.2.11.jar;F:\mavean\.m2\repository_boot\org\apache\logging\log4j\log4j-to-slf4j\2.17.2\log4j-to-slf4j-2.17.2.jar;F:\mavean\.m2\repository_boot\org\apache\logging\log4j\log4j-api\2.17.2\log4j-api-2.17.2.jar;F:\mavean\.m2\repository_boot\org\slf4j\jul-to-slf4j\1.7.36\jul-to-slf4j-1.7.36.jar;F:\mavean\.m2\repository_boot\jakarta\annotation\jakarta.annotation-api\1.3.5\jakarta.annotation-api-1.3.5.jar;F:\mavean\.m2\repository_boot\org\yaml\snakeyaml\1.30\snakeyaml-1.30.jar;F:\mavean\.m2\repository_boot\org\springframework\boot\spring-boot-starter-json\2.7.8\spring-boot-starter-json-2.7.8.jar;F:\mavean\.m2\repository_boot\com\fasterxml\jackson\core\jackson-databind\2.13.4.2\jackson-databind-2.13.4.2.jar;F:\mavean\.m2\repository_boot\com\fasterxml\jackson\core\jackson-annotations\2.13.4\jackson-annotations-2.13.4.jar;F:\mavean\.m2\repository_boot\com\fasterxml\jackson\core\jackson-core\2.13.4\jackson-core-2.13.4.jar;F:\mavean\.m2\repository_boot\com\fasterxml\jackson\datatype\jackson-datatype-jdk8\2.13.4\jackson-datatype-jdk8-2.13.4.jar;F:\mavean\.m2\repository_boot\com\fasterxml\jackson\datatype\jackson-datatype-jsr310\2.13.4\jackson-datatype-jsr310-2.13.4.jar;F:\mavean\.m2\repository_boot\com\fasterxml\jackson\module\jackson-module-parameter-names\2.13.4\jackson-module-parameter-names-2.13.4.jar;F:\mavean\.m2\repository_boot\org\springframework\boot\spring-boot-starter-tomcat\2.7.8\spring-boot-starter-tomcat-2.7.8.jar;F:\mavean\.m2\repository_boot\org\apache\tomcat\embed\tomcat-embed-core\9.0.71\tomcat-embed-core-9.0.71.jar;F:\mavean\.m2\repository_boot\org\apache\tomcat\embed\tomcat-embed-el\9.0.71\tomcat-embed-el-9.0.71.jar;F:\mavean\.m2\repository_boot\org\apache\tomcat\embed\tomcat-embed-websocket\9.0.71\tomcat-embed-websocket-9.0.71.jar;F:\mavean\.m2\repository_boot\org\springframework\spring-web\5.3.25\spring-web-5.3.25.jar;F:\mavean\.m2\repository_boot\org\springframework\spring-webmvc\5.3.25\spring-webmvc-5.3.25.jar;F:\mavean\.m2\repository_boot\org\springframework\spring-expression\5.3.25\spring-expression-5.3.25.jar;F:\mavean\.m2\repository_boot\org\springframework\boot\spring-boot-starter-test\2.7.8\spring-boot-starter-test-2.7.8.jar;F:\mavean\.m2\repository_boot\org\springframework\boot\spring-boot-test\2.7.8\spring-boot-test-2.7.8.jar;F:\mavean\.m2\repository_boot\org\springframework\boot\spring-boot-test-autoconfigure\2.7.8\spring-boot-test-autoconfigure-2.7.8.jar;F:\mavean\.m2\repository_boot\com\jayway\jsonpath\json-path\2.7.0\json-path-2.7.0.jar;F:\mavean\.m2\repository_boot\net\minidev\json-smart\2.4.8\json-smart-2.4.8.jar;F:\mavean\.m2\repository_boot\net\minidev\accessors-smart\2.4.8\accessors-smart-2.4.8.jar;F:\mavean\.m2\repository_boot\org\ow2\asm\asm\9.1\asm-9.1.jar;F:\mavean\.m2\repository_boot\jakarta\xml\bind\jakarta.xml.bind-api\2.3.3\jakarta.xml.bind-api-2.3.3.jar;F:\mavean\.m2\repository_boot\jakarta\activation\jakarta.activation-api\1.2.2\jakarta.activation-api-1.2.2.jar;F:\mavean\.m2\repository_boot\org\assertj\assertj-core\3.22.0\assertj-core-3.22.0.jar;F:\mavean\.m2\repository_boot\org\hamcrest\hamcrest\2.2\hamcrest-2.2.jar;F:\mavean\.m2\repository_boot\org\junit\jupiter\junit-jupiter\5.8.2\junit-jupiter-5.8.2.jar;F:\mavean\.m2\repository_boot\org\junit\jupiter\junit-jupiter-api\5.8.2\junit-jupiter-api-5.8.2.jar;F:\mavean\.m2\repository_boot\org\opentest4j\opentest4j\1.2.0\opentest4j-1.2.0.jar;F:\mavean\.m2\repository_boot\org\junit\platform\junit-platform-commons\1.8.2\junit-platform-commons-1.8.2.jar;F:\mavean\.m2\repository_boot\org\apiguardian\apiguardian-api\1.1.2\apiguardian-api-1.1.2.jar;F:\mavean\.m2\repository_boot\org\junit\jupiter\junit-jupiter-params\5.8.2\junit-jupiter-params-5.8.2.jar;F:\mavean\.m2\repository_boot\org\junit\jupiter\junit-jupiter-engine\5.8.2\junit-jupiter-engine-5.8.2.jar;F:\mavean\.m2\repository_boot\org\junit\platform\junit-platform-engine\1.8.2\junit-platform-engine-1.8.2.jar;F:\mavean\.m2\repository_boot\org\mockito\mockito-core\4.5.1\mockito-core-4.5.1.jar;F:\mavean\.m2\repository_boot\net\bytebuddy\byte-buddy-agent\1.12.22\byte-buddy-agent-1.12.22.jar;F:\mavean\.m2\repository_boot\org\objenesis\objenesis\3.2\objenesis-3.2.jar;F:\mavean\.m2\repository_boot\org\mockito\mockito-junit-jupiter\4.5.1\mockito-junit-jupiter-4.5.1.jar;F:\mavean\.m2\repository_boot\org\skyscreamer\jsonassert\1.5.1\jsonassert-1.5.1.jar;F:\mavean\.m2\repository_boot\com\vaadin\external\google\android-json\0.0.20131108.vaadin1\android-json-0.0.20131108.vaadin1.jar;F:\mavean\.m2\repository_boot\org\springframework\spring-core\5.3.25\spring-core-5.3.25.jar;F:\mavean\.m2\repository_boot\org\springframework\spring-jcl\5.3.25\spring-jcl-5.3.25.jar;F:\mavean\.m2\repository_boot\org\springframework\spring-test\5.3.25\spring-test-5.3.25.jar;F:\mavean\.m2\repository_boot\org\xmlunit\xmlunit-core\2.9.1\xmlunit-core-2.9.1.jar;F:\mavean\.m2\repository_boot\net\sf\json-lib\json-lib\2.4\json-lib-2.4-jdk15.jar;F:\mavean\.m2\repository_boot\commons-logging\commons-logging\1.1.1\commons-logging-1.1.1.jar;F:\mavean\.m2\repository_boot\commons-lang\commons-lang\2.6\commons-lang-2.6.jar;F:\mavean\.m2\repository_boot\commons-collections\commons-collections\3.2.1\commons-collections-3.2.1.jar;F:\mavean\.m2\repository_boot\net\sf\ezmorph\ezmorph\1.0.6\ezmorph-1.0.6.jar;F:\mavean\.m2\repository_boot\commons-beanutils\commons-beanutils\1.8.3\commons-beanutils-1.8.3.jar;F:\mavean\.m2\repository_boot\commons-httpclient\commons-httpclient\3.0\commons-httpclient-3.0.jar;F:\mavean\.m2\repository_boot\commons-codec\commons-codec\1.15\commons-codec-1.15.jar;F:\mavean\.m2\repository_boot\com\alibaba\fastjson\1.2.70\fastjson-1.2.70.jar;F:\mavean\.m2\repository_boot\org\apache\httpcomponents\httpclient\4.5.10\httpclient-4.5.10.jar;F:\mavean\.m2\repository_boot\org\apache\httpcomponents\httpcore\4.4.16\httpcore-4.4.16.jar;F:\mavean\.m2\repository_boot\org\springframework\data\spring-data-redis\2.7.7\spring-data-redis-2.7.7.jar;F:\mavean\.m2\repository_boot\org\springframework\data\spring-data-keyvalue\2.7.7\spring-data-keyvalue-2.7.7.jar;F:\mavean\.m2\repository_boot\org\springframework\spring-tx\5.3.25\spring-tx-5.3.25.jar;F:\mavean\.m2\repository_boot\org\springframework\spring-oxm\5.3.25\spring-oxm-5.3.25.jar;F:\mavean\.m2\repository_boot\org\springframework\spring-aop\5.3.25\spring-aop-5.3.25.jar;F:\mavean\.m2\repository_boot\org\springframework\spring-context-support\5.3.25\spring-context-support-5.3.25.jar;F:\mavean\.m2\repository_boot\org\slf4j\slf4j-api\1.7.36\slf4j-api-1.7.36.jar;F:\mavean\.m2\repository_boot\org\springframework\boot\spring-boot-starter-data-redis\2.7.8\spring-boot-starter-data-redis-2.7.8.jar;F:\mavean\.m2\repository_boot\io\lettuce\lettuce-core\6.1.10.RELEASE\lettuce-core-6.1.10.RELEASE.jar;F:\mavean\.m2\repository_boot\io\netty\netty-common\4.1.87.Final\netty-common-4.1.87.Final.jar;F:\mavean\.m2\repository_boot\io\netty\netty-handler\4.1.87.Final\netty-handler-4.1.87.Final.jar;F:\mavean\.m2\repository_boot\io\netty\netty-resolver\4.1.87.Final\netty-resolver-4.1.87.Final.jar;F:\mavean\.m2\repository_boot\io\netty\netty-buffer\4.1.87.Final\netty-buffer-4.1.87.Final.jar;F:\mavean\.m2\repository_boot\io\netty\netty-transport-native-unix-common\4.1.87.Final\netty-transport-native-unix-common-4.1.87.Final.jar;F:\mavean\.m2\repository_boot\io\netty\netty-codec\4.1.87.Final\netty-codec-4.1.87.Final.jar;F:\mavean\.m2\repository_boot\io\netty\netty-transport\4.1.87.Final\netty-transport-4.1.87.Final.jar;F:\mavean\.m2\repository_boot\io\projectreactor\reactor-core\3.4.26\reactor-core-3.4.26.jar;F:\mavean\.m2\repository_boot\org\reactivestreams\reactive-streams\1.0.4\reactive-streams-1.0.4.jar;F:\mavean\.m2\repository_boot\org\dom4j\dom4j\2.1.1\dom4j-2.1.1.jar;F:\mavean\.m2\repository_boot\jaxen\jaxen\1.1.1\jaxen-1.1.1.jar;F:\mavean\.m2\repository_boot\dom4j\dom4j\1.6.1\dom4j-1.6.1.jar;F:\mavean\.m2\repository_boot\jdom\jdom\1.0\jdom-1.0.jar;F:\mavean\.m2\repository_boot\xml-apis\xml-apis\1.3.02\xml-apis-1.3.02.jar;F:\mavean\.m2\repository_boot\xerces\xercesImpl\2.6.2\xercesImpl-2.6.2.jar;F:\mavean\.m2\repository_boot\xom\xom\1.0\xom-1.0.jar;F:\mavean\.m2\repository_boot\xerces\xmlParserAPIs\2.6.2\xmlParserAPIs-2.6.2.jar;F:\mavean\.m2\repository_boot\xalan\xalan\2.6.0\xalan-2.6.0.jar;F:\mavean\.m2\repository_boot\com\ibm\icu\icu4j\2.6.1\icu4j-2.6.1.jar;"/>
    <property name="sun.cpu.endian" value="little"/>
    <property name="user.home" value="C:\Users\hp"/>
    <property name="user.language" value="zh"/>
    <property name="java.specification.vendor" value="Oracle Corporation"/>
    <property name="java.home" value="C:\Users\hp\.jdks\corretto-1.8.0_352\jre"/>
    <property name="basedir" value="F:\workspace\Code\demo1"/>
    <property name="file.separator" value="\"/>
    <property name="line.separator" value="&#10;"/>
    <property name="java.vm.specification.vendor" value="Oracle Corporation"/>
    <property name="java.specification.name" value="Java Platform API Specification"/>
    <property name="java.awt.graphicsenv" value="sun.awt.Win32GraphicsEnvironment"/>
    <property name="surefire.real.class.path" value="C:\Users\hp\AppData\Local\Temp\surefire798488917443889027\surefirebooter3012084867070500909.jar"/>
    <property name="sun.boot.class.path" value="C:\Users\hp\.jdks\corretto-1.8.0_352\jre\lib\resources.jar;C:\Users\hp\.jdks\corretto-1.8.0_352\jre\lib\rt.jar;C:\Users\hp\.jdks\corretto-1.8.0_352\jre\lib\sunrsasign.jar;C:\Users\hp\.jdks\corretto-1.8.0_352\jre\lib\jsse.jar;C:\Users\hp\.jdks\corretto-1.8.0_352\jre\lib\jce.jar;C:\Users\hp\.jdks\corretto-1.8.0_352\jre\lib\charsets.jar;C:\Users\hp\.jdks\corretto-1.8.0_352\jre\lib\jfr.jar;C:\Users\hp\.jdks\corretto-1.8.0_352\jre\classes"/>
    <property name="user.script" value=""/>
    <property name="sun.management.compiler" value="HotSpot 64-Bit Tiered Compilers"/>
    <property name="java.runtime.version" value="1.8.0_352-b08"/>
    <property name="user.name" value="hp"/>
    <property name="path.separator" value=";"/>
    <property name="os.version" value="10.0"/>
    <property name="java.endorsed.dirs" value="C:\Users\hp\.jdks\corretto-1.8.0_352\jre\lib\endorsed"/>
    <property name="java.runtime.name" value="OpenJDK Runtime Environment"/>
    <property name="file.encoding" value="GBK"/>
    <property name="java.vm.name" value="OpenJDK 64-Bit Server VM"/>
    <property name="localRepository" value="F:\mavean\.m2\repository_boot"/>
    <property name="java.vendor.url.bug" value="https://github.com/corretto/corretto-8/issues/"/>
    <property name="java.io.tmpdir" value="C:\Users\hp\AppData\Local\Temp\"/>
    <property name="idea.version" value="2023.2.5"/>
    <property name="java.version" value="1.8.0_352"/>
    <property name="user.dir" value="F:\workspace\Code\demo1"/>
    <property name="os.arch" value="amd64"/>
    <property name="java.vm.specification.name" value="Java Virtual Machine Specification"/>
    <property name="java.awt.printerjob" value="sun.awt.windows.WPrinterJob"/>
    <property name="sun.os.patch.level" value=""/>
    <property name="java.library.path" value="C:\Users\hp\.jdks\corretto-1.8.0_352\jre\bin;C:\WINDOWS\Sun\Java\bin;C:\WINDOWS\system32;C:\WINDOWS;E:\app\VMware\bin\;C:\WINDOWS\system32;C:\WINDOWS;C:\WINDOWS\System32\Wbem;C:\WINDOWS\System32\WindowsPowerShell\v1.0\;C:\WINDOWS\System32\OpenSSH\;E:\Notepad++;E:\git\Git\cmd;F:\app\NodeJs\;F:\app\NodeJs\node_global;F:\app\NodeJs\node_global\node_modules;C:\Program Files\dotnet\;F:\app\python\Scripts\;F:\app\python\;C:\Users\hp\AppData\Local\Microsoft\WindowsApps;E:\idea\IntelliJ IDEA 2022.3.1\bin;;F:\app\VsCode\Microsoft VS Code\bin;F:\app\NodeJs\node_global;;."/>
    <property name="java.vm.info" value="mixed mode"/>
    <property name="java.vendor" value="Amazon.com Inc."/>
    <property name="java.vm.version" value="25.352-b08"/>
    <property name="java.specification.maintenance.version" value="4"/>
    <property name="java.ext.dirs" value="C:\Users\hp\.jdks\corretto-1.8.0_352\jre\lib\ext;C:\WINDOWS\Sun\Java\lib\ext"/>
    <property name="sun.io.unicode.encoding" value="UnicodeLittle"/>
    <property name="maven.repo.local" value="F:\mavean\.m2\repository_boot"/>
    <property name="java.class.version" value="52.0"/>
  </properties>
  <testcase name="contextLoads" classname="com.example.Demo2ApplicationTests" time="0.255"/>
</testsuite>